<?xml version="1.0" encoding="UTF-8"?>
<testng-results total="1" passed="1" failed="0" skipped="0">
  <reporter-output>
  </reporter-output>
  <suite started-at="2018-06-11T18:04:14Z" name="Default suite" finished-at="2018-06-11T18:04:14Z" duration-ms="47">
    <groups>
    </groups>
    <test started-at="2018-06-11T18:04:14Z" name="Default test" finished-at="2018-06-11T18:04:14Z" duration-ms="47">
      <class name="com.temp.mavenTestNGProject.TestHelloWorld">
        <test-method signature="testEmailGenerator()[pri:0, instance:com.temp.mavenTestNGProject.TestHelloWorld@662ac478]" started-at="2018-06-11T13:04:14Z" name="testEmailGenerator" finished-at="2018-06-11T13:04:14Z" duration-ms="16" status="PASS">
          <reporter-output>
          </reporter-output>
        </test-method> <!-- testEmailGenerator -->
      </class> <!-- com.temp.mavenTestNGProject.TestHelloWorld -->
    </test> <!-- Default test -->
  </suite> <!-- Default suite -->
</testng-results>
